[debug] [2026-05-22T09:38:30.182Z] ----------------------------------------------------------------------
[debug] [2026-05-22T09:38:30.265Z] Command:       /data/data/com.termux/files/usr/bin/node /data/data/com.termux/files/usr/bin/firebase login:ci
[debug] [2026-05-22T09:38:30.271Z] CLI Version:   15.18.0
[debug] [2026-05-22T09:38:30.275Z] Platform:      android
[debug] [2026-05-22T09:38:30.278Z] Node Version:  v26.1.0
[debug] [2026-05-22T09:38:30.282Z] Time:          Fri May 22 2026 14:38:30 GMT+0500 (Pakistan Standard Time)
[debug] [2026-05-22T09:38:30.287Z] ----------------------------------------------------------------------
[debug] 
[warn] ⚠  Authenticating with a `login:ci` token is deprecated and will be removed in a future major version of `firebase-tools`. Instead, use a service account key with `GOOGLE_APPLICATION_CREDENTIALS`: https://cloud.google.com/docs/authentication/getting-started 
[info] 
[info] Visit this URL on this device to log in:
[info] https://accounts.google.com/o/oauth2/auth?client_id=563584335869-fgrhgmd47bqnekij5i8b5pr03ho849e6.apps.googleusercontent.com&scope=email%20openid%20https%3A%2F%2Fwww.googleapis.com%2Fauth%2Fcloudplatformprojects.readonly%20https%3A%2F%2Fwww.googleapis.com%2Fauth%2Ffirebase%20https%3A%2F%2Fwww.googleapis.com%2Fauth%2Fcloud-platform&response_type=code&state=88438990&redirect_uri=http%3A%2F%2Flocalhost%3A9005
[info] 
[info] Waiting for authentication...
[debug] [2026-05-22T09:39:37.279Z] >>> [apiv2][query] POST https://accounts.google.com/o/oauth2/token [none]
[debug] [2026-05-22T09:39:37.283Z] >>> [apiv2][body] POST https://accounts.google.com/o/oauth2/token [omitted]
[debug] [2026-05-22T09:39:40.420Z] <<< [apiv2][status] POST https://accounts.google.com/o/oauth2/token 200
[debug] [2026-05-22T09:39:40.422Z] <<< [apiv2][body] POST https://accounts.google.com/o/oauth2/token [omitted]
[info] 
[info] ✔  Success! Use this token to login on a CI server:

1//0gRja-e6sGSEZCgYIARAAGBASNwF-L9Iroxma4Jd0j9wLUZNmbOATqBn-0SXLT_7VnvfsxtmtRZQ1hMzf-RtcuY1CJNb3ecGiFWE

Example: firebase deploy --token "$FIREBASE_TOKEN"
 
[debug] [2026-05-22T09:39:46.553Z] Error: Timed out.
    at Timeout._onTimeout (/data/data/com.termux/files/usr/lib/node_modules/firebase-tools/lib/utils.js:309:49)
    at listOnTimeout (node:internal/timers:605:17)
    at process.processTimers (node:internal/timers:541:7)
[error] 
[error] Error: An unexpected error has occurred.
